Arguments: 
  C:\Program Files\nodejs\node.exe C:\Users\miste\AppData\Roaming\npm\node_modules\yarn\bin\yarn.js add @fontawesome/react-fontawesome

PATH: 
  C:\Program Files (x86)\Common Files\Oracle\Java\javapath;C:\Program Files (x86)\Common Files\Intel\Shared Libraries\redist\intel64\compiler;C:\ProgramData\Oracle\Java\javapath;C:\Program Files (x86)\Common Files\Intel\Shared Files\cpp\bin\Intel64;C:\WINDOWS\system32;C:\WINDOWS;C:\WINDOWS\System32\Wbem;C:\WINDOWS\System32\WindowsPowerShell\v1.0\;C:\Program Files (x86)\Skype\Phone\;C:\WINDOWS\System32\OpenSSH\;C:\Program Files\NVIDIA Corporation\NVIDIA NvDLISR;C:\Program Files (x86)\NVIDIA Corporation\PhysX\Common;C:\Program Files (x86)\Touch Portal\plugins\adb\platform-tools;D:\Program Files (x86)\IncrediBuild;C:\Program Files\dotnet\;C:\Program Files\Git\cmd;C:\Program Files\nodejs\;C:\Users\miste\AppData\Roaming\npm;C:\Users\miste\AppData\Local\Microsoft\WindowsApps;D:\Microsoft VS Code\bin;C:\Users\miste\AppData\Local\GitHubDesktop\bin;C:\Users\miste\AppData\Roaming\npm;C:\Program Files\nodejs;C:\Users\miste\AppData\Roaming\npm;

Yarn version: 
  1.22.4

Node version: 
  14.4.0

Platform: 
  win32 x64

Trace: 
  Error: https://registry.yarnpkg.com/@fontawesome%2freact-fontawesome: Not found
      at Request.params.callback [as _callback] (C:\Users\miste\AppData\Roaming\npm\node_modules\yarn\lib\cli.js:66987:18)
      at Request.self.callback (C:\Users\miste\AppData\Roaming\npm\node_modules\yarn\lib\cli.js:140748:22)
      at Request.emit (events.js:315:20)
      at Request.<anonymous> (C:\Users\miste\AppData\Roaming\npm\node_modules\yarn\lib\cli.js:141720:10)
      at Request.emit (events.js:315:20)
      at IncomingMessage.<anonymous> (C:\Users\miste\AppData\Roaming\npm\node_modules\yarn\lib\cli.js:141642:12)
      at Object.onceWrapper (events.js:421:28)
      at IncomingMessage.emit (events.js:327:22)
      at endReadableNT (_stream_readable.js:1224:12)
      at processTicksAndRejections (internal/process/task_queues.js:84:21)

npm manifest: 
  {
    "name": "comp125-midterm",
    "version": "1.2.0",
    "description": "MidTerm Exam Template for COMP125 - Client-Side Web Development @ Centennial College",
    "main": "index.js",
    "scripts": {
      "test": "echo \"Error: no test specified\" && exit 1"
    },
    "author": "T",
    "license": "ISC",
    "devDependencies": {
      "@types/bootstrap": "^4.5.0",
      "@types/jquery": "^3.5.0"
    },
    "dependencies": {
      "@fortawesome/fontawesome-free": "^5.13.0",
      "bootstrap": "^4.5.0",
      "jquery": "^3.5.1",
      "popper.js": "^1.16.1"
    }
  }

yarn manifest: 
  No manifest

Lockfile: 
  # THIS IS AN AUTOGENERATED FILE. DO NOT EDIT THIS FILE DIRECTLY.
  # yarn lockfile v1
  
  
  "@fortawesome/fontawesome-free@^5.13.0":
    version "5.13.1"
    resolved "https://registry.yarnpkg.com/@fortawesome/fontawesome-free/-/fontawesome-free-5.13.1.tgz#c53b4066edae16cd1fd669f687baf031b45fb9d6"
    integrity sha512-D819f34FLHeBN/4xvw0HR0u7U2G7RqjPSggXqf7LktsxWQ48VAfGwvMrhcVuaZV2fF069c/619RdgCCms0DHhw==
  
  "@types/bootstrap@^4.5.0":
    version "4.5.0"
    resolved "https://registry.yarnpkg.com/@types/bootstrap/-/bootstrap-4.5.0.tgz#07a079d3ee2b1646491082d6162048d7bf4610b5"
    integrity sha512-AWu7D+Cduyic75YptSRiXuCIy1c3SsmYk/9ixS68Ft2eAgg2wRj5U2M+7PK5zpakk4gTgfrWHeGxJqkSjttwyQ==
    dependencies:
      "@types/jquery" "*"
      popper.js "^1.14.1"
  
  "@types/jquery@*":
    version "3.3.4"
    resolved "https://registry.yarnpkg.com/@types/jquery/-/jquery-3.3.4.tgz#f1850fb9a70041a14ace4f81a7ed782db8548317"
  
  "@types/jquery@^3.5.0":
    version "3.5.0"
    resolved "https://registry.yarnpkg.com/@types/jquery/-/jquery-3.5.0.tgz#ccb7dfd317d02d4227dd3803c75297d0c10dad68"
    integrity sha512-C7qQUjpMWDUNYQRTXsP5nbYYwCwwgy84yPgoTT7fPN69NH92wLeCtFaMsWeolJD1AF/6uQw3pYt62rzv83sMmw==
    dependencies:
      "@types/sizzle" "*"
  
  "@types/sizzle@*":
    version "2.3.2"
    resolved "https://registry.yarnpkg.com/@types/sizzle/-/sizzle-2.3.2.tgz#a811b8c18e2babab7d542b3365887ae2e4d9de47"
    integrity sha512-7EJYyKTL7tFR8+gDbB6Wwz/arpGa0Mywk1TJbNzKzHtzbwVmY4HR9WqS5VV7dsBUKQmPNr192jHr/VpBluj/hg==
  
  bootstrap@^4.5.0:
    version "4.5.0"
    resolved "https://registry.yarnpkg.com/bootstrap/-/bootstrap-4.5.0.tgz#97d9dbcb5a8972f8722c9962483543b907d9b9ec"
    integrity sha512-Z93QoXvodoVslA+PWNdk23Hze4RBYIkpb5h8I2HY2Tu2h7A0LpAgLcyrhrSUyo2/Oxm2l1fRZPs1e5hnxnliXA==
  
  jquery@^3.5.1:
    version "3.5.1"
    resolved "https://registry.yarnpkg.com/jquery/-/jquery-3.5.1.tgz#d7b4d08e1bfdb86ad2f1a3d039ea17304717abb5"
    integrity sha512-XwIBPqcMn57FxfT+Go5pzySnm4KWkT1Tv7gjrpT1srtf8Weynl6R273VJ5GjkRb51IzMp5nbaPjJXMWeju2MKg==
  
  popper.js@^1.14.1:
    version "1.14.3"
    resolved "https://registry.yarnpkg.com/popper.js/-/popper.js-1.14.3.tgz#1438f98d046acf7b4d78cd502bf418ac64d4f095"
  
  popper.js@^1.16.1:
    version "1.16.1"
    resolved "https://registry.yarnpkg.com/popper.js/-/popper.js-1.16.1.tgz#2a223cb3dc7b6213d740e40372be40de43e65b1b"
    integrity sha512-Wb4p1J4zyFTbM+u6WuO4XstYx4Ky9Cewe4DWrel7B0w6VVICvPwdOpotjzcf6eD8TsckVnIMNONQyPIUFOUbCQ==
